[0;32mInfo: Using configured environment 'prod'[0m
[0;32mInfo: Retrieving pluginfacts[0m
[0;32mInfo: Retrieving plugin[0m
[mNotice: /File[/opt/puppetlabs/puppet/cache/lib/facter]/ensure: created[0m
[mNotice: /File[/opt/puppetlabs/puppet/cache/lib/facter/facter_dot_d.rb]/ensure: defined content as '{md5}d71e93183a680ac78bc0389fd50470a0'[0m
[mNotice: /File[/opt/puppetlabs/puppet/cache/lib/facter/mysql_server_id.rb]/ensure: defined content as '{md5}10de205ca9dc83b68cf63b52d97346ec'[0m
[mNotice: /File[/opt/puppetlabs/puppet/cache/lib/facter/mysql_version.rb]/ensure: defined content as '{md5}e30648f3d394a1cbdd4e54eb5c28d28c'[0m
[mNotice: /File[/opt/puppetlabs/puppet/cache/lib/facter/mysqld_version.rb]/ensure: defined content as '{md5}961bc81ee08675f82a7e05c0894d238a'[0m
[mNotice: /File[/opt/puppetlabs/puppet/cache/lib/facter/package_provider.rb]/ensure: defined content as '{md5}539766a71dfb2f65e94a7c91bf413fcf'[0m
[mNotice: /File[/opt/puppetlabs/puppet/cache/lib/facter/pe_version.rb]/ensure: defined content as '{md5}60d47406026c8201e51394227ddf780d'[0m
[mNotice: /File[/opt/puppetlabs/puppet/cache/lib/facter/puppet_vardir.rb]/ensure: defined content as '{md5}c7ddc97e8a84ded3dd93baa5b9b3283d'[0m
[mNotice: /File[/opt/puppetlabs/puppet/cache/lib/facter/root_home.rb]/ensure: defined content as '{md5}35702ae0c7410ec4d2101113e2f697fa'[0m
[mNotice: /File[/opt/puppetlabs/puppet/cache/lib/facter/service_provider.rb]/ensure: defined content as '{md5}66cc42526eae631e306b397391f1f01c'[0m
[mNotice: /File[/opt/puppetlabs/puppet/cache/lib/facter/staging_http_get.rb]/ensure: defined content as '{md5}07b6449105e1f314e06f83e37c8d07d3'[0m
[mNotice: /File[/opt/puppetlabs/puppet/cache/lib/facter/staging_windir.rb]/ensure: defined content as '{md5}8fc9fd906d84f91eed9a90a32f2843b6'[0m
[mNotice: /File[/opt/puppetlabs/puppet/cache/lib/facter/util]/ensure: created[0m
[mNotice: /File[/opt/puppetlabs/puppet/cache/lib/facter/util/puppet_settings.rb]/ensure: defined content as '{md5}9f1d2593d0ae56bfca89d4b9266aeee1'[0m
[mNotice: /File[/opt/puppetlabs/puppet/cache/lib/puppet]/ensure: created[0m
[mNotice: /File[/opt/puppetlabs/puppet/cache/lib/puppet/functions]/ensure: created[0m
[mNotice: /File[/opt/puppetlabs/puppet/cache/lib/puppet/functions/is_a.rb]/ensure: defined content as '{md5}9dad7f8c9b75348cd97aca986ac0b29a'[0m
[mNotice: /File[/opt/puppetlabs/puppet/cache/lib/puppet/functions/type_of.rb]/ensure: defined content as '{md5}71e19f89e167c45ec691ea6c7d319625'[0m
[mNotice: /File[/opt/puppetlabs/puppet/cache/lib/puppet/parser]/ensure: created[0m
[mNotice: /File[/opt/puppetlabs/puppet/cache/lib/puppet/parser/functions]/ensure: created[0m
[mNotice: /File[/opt/puppetlabs/puppet/cache/lib/puppet/parser/functions/abs.rb]/ensure: defined content as '{md5}32161bd0435fdfc2aec2fc559d2b454b'[0m
[mNotice: /File[/opt/puppetlabs/puppet/cache/lib/puppet/parser/functions/any2array.rb]/ensure: defined content as '{md5}a81e71d6b67a551d38770ba9a1948a75'[0m
[mNotice: /File[/opt/puppetlabs/puppet/cache/lib/puppet/parser/functions/assert_private.rb]/ensure: defined content as '{md5}1365284f9e474ecec24cfe43ee8e7cf4'[0m
[mNotice: /File[/opt/puppetlabs/puppet/cache/lib/puppet/parser/functions/base64.rb]/ensure: defined content as '{md5}ac8d0565df2931470447effa502c9ad3'[0m
[mNotice: /File[/opt/puppetlabs/puppet/cache/lib/puppet/parser/functions/basename.rb]/ensure: defined content as '{md5}c61952b3f68fd86408c84fca2c3febb1'[0m
[mNotice: /File[/opt/puppetlabs/puppet/cache/lib/puppet/parser/functions/bool2num.rb]/ensure: defined content as '{md5}f953f5fc094c2ae3908a72d8840ba291'[0m
[mNotice: /File[/opt/puppetlabs/puppet/cache/lib/puppet/parser/functions/bool2str.rb]/ensure: defined content as '{md5}6334ac6d24a8aa49a2243fb425f47311'[0m
[mNotice: /File[/opt/puppetlabs/puppet/cache/lib/puppet/parser/functions/camelcase.rb]/ensure: defined content as '{md5}71c67b71eac4b7f46a0dd22cb915d2e6'[0m
[mNotice: /File[/opt/puppetlabs/puppet/cache/lib/puppet/parser/functions/capitalize.rb]/ensure: defined content as '{md5}da131748a9d32da9eb0b6438e39377eb'[0m
[mNotice: /File[/opt/puppetlabs/puppet/cache/lib/puppet/parser/functions/ceiling.rb]/ensure: defined content as '{md5}dfa9b1c75ce89344026b3b5aed2d190f'[0m
[mNotice: /File[/opt/puppetlabs/puppet/cache/lib/puppet/parser/functions/chomp.rb]/ensure: defined content as '{md5}2b7dc42f9967edd34cfa0ba9a97229ca'[0m
[mNotice: /File[/opt/puppetlabs/puppet/cache/lib/puppet/parser/functions/chop.rb]/ensure: defined content as '{md5}0ec76f54afd94201f35785dfeb2092b5'[0m
[mNotice: /File[/opt/puppetlabs/puppet/cache/lib/puppet/parser/functions/clamp.rb]/ensure: defined content as '{md5}d19b8dfc573ed2eff7e3536ae1e5d596'[0m
[mNotice: /File[/opt/puppetlabs/puppet/cache/lib/puppet/parser/functions/concat.rb]/ensure: defined content as '{md5}a1b0233e58f1f8095a74fe9300c74a9b'[0m
[mNotice: /File[/opt/puppetlabs/puppet/cache/lib/puppet/parser/functions/convert_base.rb]/ensure: defined content as '{md5}c3b3e59a49318af98dcb88aed7156629'[0m
[mNotice: /File[/opt/puppetlabs/puppet/cache/lib/puppet/parser/functions/count.rb]/ensure: defined content as '{md5}9eb74eccd93e2b3c87fd5ea14e329eba'[0m
[mNotice: /File[/opt/puppetlabs/puppet/cache/lib/puppet/parser/functions/deep_merge.rb]/ensure: defined content as '{md5}d83696855578fb81b64b9e92b9c7cc7c'[0m
[mNotice: /File[/opt/puppetlabs/puppet/cache/lib/puppet/parser/functions/defined_with_params.rb]/ensure: defined content as '{md5}ffab4433d03f32b551f2ea024a2948fc'[0m
[mNotice: /File[/opt/puppetlabs/puppet/cache/lib/puppet/parser/functions/delete.rb]/ensure: defined content as '{md5}cec92c5de6d748c8dc93ca7d25ac1c68'[0m
[mNotice: /File[/opt/puppetlabs/puppet/cache/lib/puppet/parser/functions/delete_at.rb]/ensure: defined content as '{md5}6bc24b79390d463d8be95396c963381a'[0m
[mNotice: /File[/opt/puppetlabs/puppet/cache/lib/puppet/parser/functions/delete_undef_values.rb]/ensure: defined content as '{md5}b32d4a3925753b2eb2c318cbd7f14404'[0m
[mNotice: /File[/opt/puppetlabs/puppet/cache/lib/puppet/parser/functions/delete_values.rb]/ensure: defined content as '{md5}39b147f7d369bb5f809044b6341954a2'[0m
[mNotice: /File[/opt/puppetlabs/puppet/cache/lib/puppet/parser/functions/difference.rb]/ensure: defined content as '{md5}e31b95fbaf974cf853a510177368bfb9'[0m
[mNotice: /File[/opt/puppetlabs/puppet/cache/lib/puppet/parser/functions/dig.rb]/ensure: defined content as '{md5}54a993e69c2673d999876cb3349984b7'[0m
[mNotice: /File[/opt/puppetlabs/puppet/cache/lib/puppet/parser/functions/dirname.rb]/ensure: defined content as '{md5}8a5579f9a9a13fd737ba65eccf8e6d5a'[0m
[mNotice: /File[/opt/puppetlabs/puppet/cache/lib/puppet/parser/functions/dos2unix.rb]/ensure: defined content as '{md5}be8359a5106a7832be4180e8207dd586'[0m
[mNotice: /File[/opt/puppetlabs/puppet/cache/lib/puppet/parser/functions/downcase.rb]/ensure: defined content as '{md5}73121616d73339cf8dd10e0de61a6c50'[0m
[mNotice: /File[/opt/puppetlabs/puppet/cache/lib/puppet/parser/functions/empty.rb]/ensure: defined content as '{md5}b4ad0c3c00cbc56f745fbc05af1efa00'[0m
[mNotice: /File[/opt/puppetlabs/puppet/cache/lib/puppet/parser/functions/enclose_ipv6.rb]/ensure: defined content as '{md5}581bc163291824909d1700909db96512'[0m
[mNotice: /File[/opt/puppetlabs/puppet/cache/lib/puppet/parser/functions/ensure_packages.rb]/ensure: defined content as '{md5}81a8edbd7b6f85fc90e458568184c356'[0m
[mNotice: /File[/opt/puppetlabs/puppet/cache/lib/puppet/parser/functions/ensure_resource.rb]/ensure: defined content as '{md5}de703fe63392b939fc2b4392975263de'[0m
[mNotice: /File[/opt/puppetlabs/puppet/cache/lib/puppet/parser/functions/ensure_resources.rb]/ensure: defined content as '{md5}e9543e167972dd6a9a88aa5e02a9b4a5'[0m
[mNotice: /File[/opt/puppetlabs/puppet/cache/lib/puppet/parser/functions/flatten.rb]/ensure: defined content as '{md5}25777b76f9719162a8bab640e5595b7a'[0m
[mNotice: /File[/opt/puppetlabs/puppet/cache/lib/puppet/parser/functions/floor.rb]/ensure: defined content as '{md5}42cad4c689231a51526c55a6f0985d1f'[0m
[mNotice: /File[/opt/puppetlabs/puppet/cache/lib/puppet/parser/functions/fqdn_rand_string.rb]/ensure: defined content as '{md5}9ac5f18e563094aee62ef7586267025d'[0m
[mNotice: /File[/opt/puppetlabs/puppet/cache/lib/puppet/parser/functions/fqdn_rotate.rb]/ensure: defined content as '{md5}770d510a2e50d19b2dd42b6edef3fb1f'[0m
[mNotice: /File[/opt/puppetlabs/puppet/cache/lib/puppet/parser/functions/get_module_path.rb]/ensure: defined content as '{md5}d4bf50da25c0b98d26b75354fa1bcc45'[0m
[mNotice: /File[/opt/puppetlabs/puppet/cache/lib/puppet/parser/functions/getparam.rb]/ensure: defined content as '{md5}4dd7a0e35f4a3780dcfc9b19b4e0006e'[0m
[mNotice: /File[/opt/puppetlabs/puppet/cache/lib/puppet/parser/functions/getvar.rb]/ensure: defined content as '{md5}344f1ce85dcb7512d37e8702ccbabb66'[0m
[mNotice: /File[/opt/puppetlabs/puppet/cache/lib/puppet/parser/functions/grep.rb]/ensure: defined content as '{md5}5682995af458b05f3b53dd794c4bf896'[0m
[mNotice: /File[/opt/puppetlabs/puppet/cache/lib/puppet/parser/functions/has_interface_with.rb]/ensure: defined content as '{md5}e135f09dbecc038c3aa9ae03127617ef'[0m
[mNotice: /File[/opt/puppetlabs/puppet/cache/lib/puppet/parser/functions/has_ip_address.rb]/ensure: defined content as '{md5}ee207f47906455a5aa49c4fb219dd325'[0m
[mNotice: /File[/opt/puppetlabs/puppet/cache/lib/puppet/parser/functions/has_ip_network.rb]/ensure: defined content as '{md5}b4d726c8b2a0afac81ced8a3a28aa731'[0m
[mNotice: /File[/opt/puppetlabs/puppet/cache/lib/puppet/parser/functions/has_key.rb]/ensure: defined content as '{md5}7cd9728c38f0b0065f832dabd62b0e7e'[0m
[mNotice: /File[/opt/puppetlabs/puppet/cache/lib/puppet/parser/functions/hash.rb]/ensure: defined content as '{md5}784f8d2d114eb4c9414ebd8a6868f82f'[0m
[mNotice: /File[/opt/puppetlabs/puppet/cache/lib/puppet/parser/functions/intersection.rb]/ensure: defined content as '{md5}c8f4f8b861c9c297c87b08bdbfb94caa'[0m
[mNotice: /File[/opt/puppetlabs/puppet/cache/lib/puppet/parser/functions/is_absolute_path.rb]/ensure: defined content as '{md5}94ea1869c438d23f7f659c87ced8080a'[0m
[mNotice: /File[/opt/puppetlabs/puppet/cache/lib/puppet/parser/functions/is_array.rb]/ensure: defined content as '{md5}875ca4356cb0d7a10606fb146b4a3d11'[0m
[mNotice: /File[/opt/puppetlabs/puppet/cache/lib/puppet/parser/functions/is_bool.rb]/ensure: defined content as '{md5}e693b7c4b5366cff1380b6e0c7dd7b11'[0m
[mNotice: /File[/opt/puppetlabs/puppet/cache/lib/puppet/parser/functions/is_domain_name.rb]/ensure: defined content as '{md5}6ca1f2708add756a6803b29d593d5830'[0m
[mNotice: /File[/opt/puppetlabs/puppet/cache/lib/puppet/parser/functions/is_email_address.rb]/ensure: defined content as '{md5}82573a431edf5a0bf9847393af27566a'[0m
[mNotice: /File[/opt/puppetlabs/puppet/cache/lib/puppet/parser/functions/is_float.rb]/ensure: defined content as '{md5}10e0d3ecf75fac15e415aee79acf70dc'[0m
[mNotice: /File[/opt/puppetlabs/puppet/cache/lib/puppet/parser/functions/is_function_available.rb]/ensure: defined content as '{md5}628428bbcd9313ce09783d9484330e09'[0m
[mNotice: /File[/opt/puppetlabs/puppet/cache/lib/puppet/parser/functions/is_hash.rb]/ensure: defined content as '{md5}8c7d9a05084dab0389d1b779c8a05b1a'[0m
[mNotice: /File[/opt/puppetlabs/puppet/cache/lib/puppet/parser/functions/is_integer.rb]/ensure: defined content as '{md5}c665be82686aa4729959bb42c66a7510'[0m
[mNotice: /File[/opt/puppetlabs/puppet/cache/lib/puppet/parser/functions/is_ip_address.rb]/ensure: defined content as '{md5}a714a736c1560e8739aaacd9030cca00'[0m
[mNotice: /File[/opt/puppetlabs/puppet/cache/lib/puppet/parser/functions/is_ipv4_address.rb]/ensure: defined content as '{md5}3df98fc55d9d59e0706ff83f607bb2a8'[0m
[mNotice: /File[/opt/puppetlabs/puppet/cache/lib/puppet/parser/functions/is_ipv6_address.rb]/ensure: defined content as '{md5}16e88af742f8ac93f1e8bb562eebc593'[0m
[mNotice: /File[/opt/puppetlabs/puppet/cache/lib/puppet/parser/functions/is_mac_address.rb]/ensure: defined content as '{md5}6dd3c96437d49e68630869b0b464e7f2'[0m
[mNotice: /File[/opt/puppetlabs/puppet/cache/lib/puppet/parser/functions/is_numeric.rb]/ensure: defined content as '{md5}93ddc9d4c0834a5e5e0562d7b3cdce91'[0m
[mNotice: /File[/opt/puppetlabs/puppet/cache/lib/puppet/parser/functions/is_string.rb]/ensure: defined content as '{md5}2bd9a652bbb2668323eee6c57729ff64'[0m
[mNotice: /File[/opt/puppetlabs/puppet/cache/lib/puppet/parser/functions/join.rb]/ensure: defined content as '{md5}a285a05c015ae278608f6454aef211ea'[0m
[mNotice: /File[/opt/puppetlabs/puppet/cache/lib/puppet/parser/functions/join_keys_to_values.rb]/ensure: defined content as '{md5}f29da49531228f6ca5b3aa0df00a14c2'[0m
[mNotice: /File[/opt/puppetlabs/puppet/cache/lib/puppet/parser/functions/keys.rb]/ensure: defined content as '{md5}eb6ac815ea14fbf423580ed903ef7bad'[0m
[mNotice: /File[/opt/puppetlabs/puppet/cache/lib/puppet/parser/functions/load_module_metadata.rb]/ensure: defined content as '{md5}805c5476a6e7083d133e167129885924'[0m
[mNotice: /File[/opt/puppetlabs/puppet/cache/lib/puppet/parser/functions/loadyaml.rb]/ensure: defined content as '{md5}6da5dc9256c9e7a6549bb15c72cb9f9d'[0m
[mNotice: /File[/opt/puppetlabs/puppet/cache/lib/puppet/parser/functions/lstrip.rb]/ensure: defined content as '{md5}20a9b1fa077c16f34e0ef5448b895698'[0m
[mNotice: /File[/opt/puppetlabs/puppet/cache/lib/puppet/parser/functions/max.rb]/ensure: defined content as '{md5}f652fd0b46ef7d2fbdb42b141f8fdd1d'[0m
[mNotice: /File[/opt/puppetlabs/puppet/cache/lib/puppet/parser/functions/member.rb]/ensure: defined content as '{md5}2b5d7fb8f87f1c7d195933c57ca32e91'[0m
[mNotice: /File[/opt/puppetlabs/puppet/cache/lib/puppet/parser/functions/merge.rb]/ensure: defined content as '{md5}f3dcc5c83440cdda2036cce69b61a14b'[0m
[mNotice: /File[/opt/puppetlabs/puppet/cache/lib/puppet/parser/functions/min.rb]/ensure: defined content as '{md5}0d2a1b7e735ab251c5469e735fa3f4c6'[0m
[mNotice: /File[/opt/puppetlabs/puppet/cache/lib/puppet/parser/functions/mysql_deepmerge.rb]/ensure: defined content as '{md5}2b5040ee8cd75a81cf881851e922833a'[0m
[mNotice: /File[/opt/puppetlabs/puppet/cache/lib/puppet/parser/functions/mysql_dirname.rb]/ensure: defined content as '{md5}820ba09a6a0df639da560b41cb31242f'[0m
[mNotice: /File[/opt/puppetlabs/puppet/cache/lib/puppet/parser/functions/mysql_password.rb]/ensure: defined content as '{md5}365a0ba55f0d04d0f5d56abcd577ec7d'[0m
[mNotice: /File[/opt/puppetlabs/puppet/cache/lib/puppet/parser/functions/mysql_strip_hash.rb]/ensure: defined content as '{md5}3efe69f1eb189b2913e178b8472aaede'[0m
[mNotice: /File[/opt/puppetlabs/puppet/cache/lib/puppet/parser/functions/num2bool.rb]/ensure: defined content as '{md5}605c12fa518c87ed2c66ae153e0686ce'[0m
[mNotice: /File[/opt/puppetlabs/puppet/cache/lib/puppet/parser/functions/parsejson.rb]/ensure: defined content as '{md5}15165fd3807d9f3d657697fa854d643d'[0m
[mNotice: /File[/opt/puppetlabs/puppet/cache/lib/puppet/parser/functions/parseyaml.rb]/ensure: defined content as '{md5}db54578d9d798ced75952217cf11b737'[0m
[mNotice: /File[/opt/puppetlabs/puppet/cache/lib/puppet/parser/functions/pick.rb]/ensure: defined content as '{md5}bf01f13bbfe2318e7f6a302ac7c4433f'[0m
[mNotice: /File[/opt/puppetlabs/puppet/cache/lib/puppet/parser/functions/pick_default.rb]/ensure: defined content as '{md5}ad3ea60262de408767786d37a54d45dc'[0m
[mNotice: /File[/opt/puppetlabs/puppet/cache/lib/puppet/parser/functions/prefix.rb]/ensure: defined content as '{md5}e377fd64bd63dde6c9660aa75aca4942'[0m
[mNotice: /File[/opt/puppetlabs/puppet/cache/lib/puppet/parser/functions/private.rb]/ensure: defined content as '{md5}1500a21d5cf19961c5b1d476df892d92'[0m
[mNotice: /File[/opt/puppetlabs/puppet/cache/lib/puppet/parser/functions/pw_hash.rb]/ensure: defined content as '{md5}d82221f667050026cd6d155432a31802'[0m
[mNotice: /File[/opt/puppetlabs/puppet/cache/lib/puppet/parser/functions/range.rb]/ensure: defined content as '{md5}76f693d1dd50ffee409e58ff6d9a58bb'[0m
[mNotice: /File[/opt/puppetlabs/puppet/cache/lib/puppet/parser/functions/reject.rb]/ensure: defined content as '{md5}689f6a7c961a55fe9dcd240921f4c7f9'[0m
[mNotice: /File[/opt/puppetlabs/puppet/cache/lib/puppet/parser/functions/reverse.rb]/ensure: defined content as '{md5}b234b54b8cd62b2d67ccd70489ffdccf'[0m
[mNotice: /File[/opt/puppetlabs/puppet/cache/lib/puppet/parser/functions/rstrip.rb]/ensure: defined content as '{md5}b4e4ada41f7c1d2fcad073ce6344980f'[0m
[mNotice: /File[/opt/puppetlabs/puppet/cache/lib/puppet/parser/functions/scope_defaults.rb]/ensure: defined content as '{md5}6ca7e42fa007a6d4090585544314fbc6'[0m
[mNotice: /File[/opt/puppetlabs/puppet/cache/lib/puppet/parser/functions/seeded_rand.rb]/ensure: defined content as '{md5}2ad22e7613d894ae779c0c5b0e65dade'[0m
[mNotice: /File[/opt/puppetlabs/puppet/cache/lib/puppet/parser/functions/shuffle.rb]/ensure: defined content as '{md5}d50f72b0aeb921e64d2482f62488e2f3'[0m
[mNotice: /File[/opt/puppetlabs/puppet/cache/lib/puppet/parser/functions/size.rb]/ensure: defined content as '{md5}ab3b5b8cf2369d76969a7cb2564e018f'[0m
[mNotice: /File[/opt/puppetlabs/puppet/cache/lib/puppet/parser/functions/sort.rb]/ensure: defined content as '{md5}504b033b438461ca4f9764feeb017833'[0m
[mNotice: /File[/opt/puppetlabs/puppet/cache/lib/puppet/parser/functions/squeeze.rb]/ensure: defined content as '{md5}541f85b4203b55c9931d3d6ecd5c75f8'[0m
[mNotice: /File[/opt/puppetlabs/puppet/cache/lib/puppet/parser/functions/staging_parse.rb]/ensure: defined content as '{md5}b4fd8d7a375a624b345f1427025c8e84'[0m
[mNotice: /File[/opt/puppetlabs/puppet/cache/lib/puppet/parser/functions/str2bool.rb]/ensure: defined content as '{md5}e380cfbc3395404ac8232ff960b22bca'[0m
[mNotice: /File[/opt/puppetlabs/puppet/cache/lib/puppet/parser/functions/str2saltedsha512.rb]/ensure: defined content as '{md5}49afad7b386be38ce53deaefef326e85'[0m
[mNotice: /File[/opt/puppetlabs/puppet/cache/lib/puppet/parser/functions/strftime.rb]/ensure: defined content as '{md5}e02e01a598ca5d7d6eee0ba22440304a'[0m
[mNotice: /File[/opt/puppetlabs/puppet/cache/lib/puppet/parser/functions/strip.rb]/ensure: defined content as '{md5}85d70ab95492e3e4ca5f0b5ec3f284a9'[0m
[mNotice: /File[/opt/puppetlabs/puppet/cache/lib/puppet/parser/functions/suffix.rb]/ensure: defined content as '{md5}082519722ed6f237dd3a9a7e316ab2e4'[0m
[mNotice: /File[/opt/puppetlabs/puppet/cache/lib/puppet/parser/functions/swapcase.rb]/ensure: defined content as '{md5}b17a9f3cb0271451d309e4b4f52dd651'[0m
[mNotice: /File[/opt/puppetlabs/puppet/cache/lib/puppet/parser/functions/time.rb]/ensure: defined content as '{md5}8cb0b8320c60b4a21725634154a9f1db'[0m
[mNotice: /File[/opt/puppetlabs/puppet/cache/lib/puppet/parser/functions/to_bytes.rb]/ensure: defined content as '{md5}65437027687b6172173b3a211a799e37'[0m
[mNotice: /File[/opt/puppetlabs/puppet/cache/lib/puppet/parser/functions/try_get_value.rb]/ensure: defined content as '{md5}09cd079ec5f0e5e2ac862c9ebe0f54fe'[0m
[mNotice: /File[/opt/puppetlabs/puppet/cache/lib/puppet/parser/functions/type.rb]/ensure: defined content as '{md5}4709f7ab8a8aad62d77a3c5d91a3aa08'[0m
[mNotice: /File[/opt/puppetlabs/puppet/cache/lib/puppet/parser/functions/type3x.rb]/ensure: defined content as '{md5}f9bf4de8341afb0c677c26b40ec8a2b2'[0m
[mNotice: /File[/opt/puppetlabs/puppet/cache/lib/puppet/parser/functions/union.rb]/ensure: defined content as '{md5}3cf57ea53f2522f586264feb67293cd6'[0m
[mNotice: /File[/opt/puppetlabs/puppet/cache/lib/puppet/parser/functions/unique.rb]/ensure: defined content as '{md5}c1bb4a8aeebd09ba3e4c8bc3702cfd60'[0m
[mNotice: /File[/opt/puppetlabs/puppet/cache/lib/puppet/parser/functions/unix2dos.rb]/ensure: defined content as '{md5}b1f5087fcaca69d9395094204cce887a'[0m
[mNotice: /File[/opt/puppetlabs/puppet/cache/lib/puppet/parser/functions/upcase.rb]/ensure: defined content as '{md5}8decededec9eb33e58f961eb86f0888f'[0m
[mNotice: /File[/opt/puppetlabs/puppet/cache/lib/puppet/parser/functions/uriescape.rb]/ensure: defined content as '{md5}d912ba09ba3f58c70988e662e05ffbe8'[0m
[mNotice: /File[/opt/puppetlabs/puppet/cache/lib/puppet/parser/functions/validate_absolute_path.rb]/ensure: defined content as '{md5}51c81d562fcc6c2df49ce5cfefd721ff'[0m
[mNotice: /File[/opt/puppetlabs/puppet/cache/lib/puppet/parser/functions/validate_array.rb]/ensure: defined content as '{md5}72b29289b8af1cfc3662ef9be78911b8'[0m
[mNotice: /File[/opt/puppetlabs/puppet/cache/lib/puppet/parser/functions/validate_augeas.rb]/ensure: defined content as '{md5}61e828e7759ba3e1e563e1fdd68aa80f'[0m
[mNotice: /File[/opt/puppetlabs/puppet/cache/lib/puppet/parser/functions/validate_bool.rb]/ensure: defined content as '{md5}a712634a000024398b3c6cd4ecc46463'[0m
[mNotice: /File[/opt/puppetlabs/puppet/cache/lib/puppet/parser/functions/validate_cmd.rb]/ensure: defined content as '{md5}7df12370db442eddddcf4dd7a5364b5e'[0m
[mNotice: /File[/opt/puppetlabs/puppet/cache/lib/puppet/parser/functions/validate_email_address.rb]/ensure: defined content as '{md5}e74fe9695ae0219d95f1595978267e48'[0m
[mNotice: /File[/opt/puppetlabs/puppet/cache/lib/puppet/parser/functions/validate_hash.rb]/ensure: defined content as '{md5}e9cfaca68751524efe16ecf2f958a9a0'[0m
[mNotice: /File[/opt/puppetlabs/puppet/cache/lib/puppet/parser/functions/validate_integer.rb]/ensure: defined content as '{md5}438c7fdd25f7f6a208ac48c9b75a390f'[0m
[mNotice: /File[/opt/puppetlabs/puppet/cache/lib/puppet/parser/functions/validate_ip_address.rb]/ensure: defined content as '{md5}8d1f23b4fb623e9ce2a6bfa59c6c1266'[0m
[mNotice: /File[/opt/puppetlabs/puppet/cache/lib/puppet/parser/functions/validate_ipv4_address.rb]/ensure: defined content as '{md5}ea5a7e87f51fc5a961cdc7369b3c9d00'[0m
[mNotice: /File[/opt/puppetlabs/puppet/cache/lib/puppet/parser/functions/validate_ipv6_address.rb]/ensure: defined content as '{md5}4699238e4cad60e7e1428905523eaeb7'[0m
[mNotice: /File[/opt/puppetlabs/puppet/cache/lib/puppet/parser/functions/validate_numeric.rb]/ensure: defined content as '{md5}60b0c6d5b8b170ea77498a8580bd3158'[0m
[mNotice: /File[/opt/puppetlabs/puppet/cache/lib/puppet/parser/functions/validate_re.rb]/ensure: defined content as '{md5}53613813ba02914f2692f0edd7e12fab'[0m
[mNotice: /File[/opt/puppetlabs/puppet/cache/lib/puppet/parser/functions/validate_slength.rb]/ensure: defined content as '{md5}5f0db124caae4866f474a60c589ba632'[0m
[mNotice: /File[/opt/puppetlabs/puppet/cache/lib/puppet/parser/functions/validate_string.rb]/ensure: defined content as '{md5}cf6a20877a27b1073d63fdd522af50bb'[0m
[mNotice: /File[/opt/puppetlabs/puppet/cache/lib/puppet/parser/functions/validate_x509_rsa_key_pair.rb]/ensure: defined content as '{md5}f17427dfc42128dc1df0ab04f37942e5'[0m
[mNotice: /File[/opt/puppetlabs/puppet/cache/lib/puppet/parser/functions/values.rb]/ensure: defined content as '{md5}066a6e4170e5034edb9a80463dff2bb5'[0m
[mNotice: /File[/opt/puppetlabs/puppet/cache/lib/puppet/parser/functions/values_at.rb]/ensure: defined content as '{md5}325a899e0201e8df5bd483fec6f12d76'[0m
[mNotice: /File[/opt/puppetlabs/puppet/cache/lib/puppet/parser/functions/zip.rb]/ensure: defined content as '{md5}a89d5e802bc1e63e52020c2ddbaaca2c'[0m
[mNotice: /File[/opt/puppetlabs/puppet/cache/lib/puppet/provider]/ensure: created[0m
[mNotice: /File[/opt/puppetlabs/puppet/cache/lib/puppet/provider/file_line]/ensure: created[0m
[mNotice: /File[/opt/puppetlabs/puppet/cache/lib/puppet/provider/file_line/ruby.rb]/ensure: defined content as '{md5}0b7ed2917e70902b5c40362370edcbb0'[0m
[mNotice: /File[/opt/puppetlabs/puppet/cache/lib/puppet/provider/mysql.rb]/ensure: defined content as '{md5}2696893220da9d341d5826c9e9d4ca19'[0m
[mNotice: /File[/opt/puppetlabs/puppet/cache/lib/puppet/provider/mysql_database]/ensure: created[0m
[mNotice: /File[/opt/puppetlabs/puppet/cache/lib/puppet/provider/mysql_database/mysql.rb]/ensure: defined content as '{md5}5cf9b8044df4ec72a726b5f781c84f8f'[0m
[mNotice: /File[/opt/puppetlabs/puppet/cache/lib/puppet/provider/mysql_datadir]/ensure: created[0m
[mNotice: /File[/opt/puppetlabs/puppet/cache/lib/puppet/provider/mysql_datadir/mysql.rb]/ensure: defined content as '{md5}b37895aae0ef84516a09c36ca0776bcd'[0m
[mNotice: /File[/opt/puppetlabs/puppet/cache/lib/puppet/provider/mysql_grant]/ensure: created[0m
[mNotice: /File[/opt/puppetlabs/puppet/cache/lib/puppet/provider/mysql_grant/mysql.rb]/ensure: defined content as '{md5}3630023349a4c8f06932938a26aaa2e6'[0m
[mNotice: /File[/opt/puppetlabs/puppet/cache/lib/puppet/provider/mysql_plugin]/ensure: created[0m
[mNotice: /File[/opt/puppetlabs/puppet/cache/lib/puppet/provider/mysql_plugin/mysql.rb]/ensure: defined content as '{md5}49128d2a9a547c4945735bfd75fd6d6c'[0m
[mNotice: /File[/opt/puppetlabs/puppet/cache/lib/puppet/provider/mysql_user]/ensure: created[0m
[mNotice: /File[/opt/puppetlabs/puppet/cache/lib/puppet/provider/mysql_user/mysql.rb]/ensure: defined content as '{md5}f66a5d00963e6b6b94b41c366b4494b7'[0m
[mNotice: /File[/opt/puppetlabs/puppet/cache/lib/puppet/type]/ensure: created[0m
[mNotice: /File[/opt/puppetlabs/puppet/cache/lib/puppet/type/anchor.rb]/ensure: defined content as '{md5}bbd36bb49c3b554f8602d8d3df366c0c'[0m
[mNotice: /File[/opt/puppetlabs/puppet/cache/lib/puppet/type/file_line.rb]/ensure: defined content as '{md5}21214f23b82b909dba6d7a57dd6464b6'[0m
[mNotice: /File[/opt/puppetlabs/puppet/cache/lib/puppet/type/mysql_database.rb]/ensure: defined content as '{md5}438eafbfecc30605462a220d92cf9603'[0m
[mNotice: /File[/opt/puppetlabs/puppet/cache/lib/puppet/type/mysql_datadir.rb]/ensure: defined content as '{md5}f19e548062e81f424646c193b086aaf6'[0m
[mNotice: /File[/opt/puppetlabs/puppet/cache/lib/puppet/type/mysql_grant.rb]/ensure: defined content as '{md5}afcc65b0394a23e95b8bf932bc6110b4'[0m
[mNotice: /File[/opt/puppetlabs/puppet/cache/lib/puppet/type/mysql_plugin.rb]/ensure: defined content as '{md5}0a52cead6c9283c9aa14ea71bdfa80bd'[0m
[mNotice: /File[/opt/puppetlabs/puppet/cache/lib/puppet/type/mysql_user.rb]/ensure: defined content as '{md5}ccb3e18b85a197822fd67045a520bd0b'[0m
[0;32mInfo: Loading facts[0m
[0;32mInfo: Caching catalog for node1.mihura.com[0m
[0;32mInfo: Applying configuration version '1474559467'[0m
[mNotice: /Stage[main]/Main/Package[nginx]/ensure: created[0m
[mNotice: /Stage[main]/Mysql::Server::Config/File[/etc/my.cnf.d]/ensure: created[0m
[mNotice: /Stage[main]/Mysql::Server::Config/File[mysql-config-file]/content: 
--- /etc/my.cnf	2016-03-22 18:09:45.000000000 +0000
+++ /tmp/puppet-file20160922-20351-1a98ee9	2016-09-22 16:51:10.747016985 +0100
@@ -1,10 +1,63 @@
+### MANAGED BY PUPPET ###
+
+[client]
+port = 3306
+socket = /var/lib/mysql/mysql.sock
+
+[isamchk]
+key_buffer_size = 16M
+
 [mysqld]
-datadir=/var/lib/mysql
-socket=/var/lib/mysql/mysql.sock
-user=mysql
-# Disabling symbolic-links is recommended to prevent assorted security risks
-symbolic-links=0
+basedir = /usr
+bind-address = 127.0.0.1
+datadir = /var/lib/mysql
+expire_logs_days = 10
+key_buffer_size = 16M
+log-error = /var/log/mysqld.log
+max_allowed_packet = 16M
+max_binlog_size = 100M
+max_connections = 1024
+pid-file = /var/run/mysqld/mysqld.pid
+port = 3306
+query_cache_limit = 1M
+query_cache_size = 16M
+skip-external-locking
+socket = /var/lib/mysql/mysql.sock
+ssl = false
+ssl-ca = /etc/mysql/cacert.pem
+ssl-cert = /etc/mysql/server-cert.pem
+ssl-key = /etc/mysql/server-key.pem
+thread_cache_size = 8
+thread_stack = 256K
+tmpdir = /tmp
+user = mysql
+
+[mysqld-5.0]
+myisam-recover = BACKUP
+
+[mysqld-5.1]
+myisam-recover = BACKUP
+
+[mysqld-5.5]
+myisam-recover = BACKUP
+
+[mysqld-5.6]
+myisam-recover-options = BACKUP
+
+[mysqld-5.7]
+myisam-recover-options = BACKUP
 
 [mysqld_safe]
-log-error=/var/log/mysqld.log
-pid-file=/var/run/mysqld/mysqld.pid
+log-error = /var/log/mysqld.log
+nice = 0
+socket = /var/lib/mysql/mysql.sock
+
+[mysqldump]
+max_allowed_packet = 16M
+quick
+quote-names
+
+
+
+!includedir /etc/my.cnf.d
+
[0m
[0;32mInfo: Computing checksum on file /etc/my.cnf[0m
[0;32mInfo: /Stage[main]/Mysql::Server::Config/File[mysql-config-file]: Filebucketed /etc/my.cnf to puppet with sum 8ace886bbe7e274448bc8bea16d3ead6[0m
[mNotice: /Stage[main]/Mysql::Server::Config/File[mysql-config-file]/content: content changed '{md5}8ace886bbe7e274448bc8bea16d3ead6' to '{md5}48c654e2a4e67c821c4ceaa60e011c0f'[0m
[mNotice: /Stage[main]/Mysql::Server::Install/Package[mysql-server]/ensure: created[0m
[mNotice: /Stage[main]/Mysql::Server::Installdb/Mysql_datadir[/var/lib/mysql]/ensure: created[0m
[mNotice: /Stage[main]/Mysql::Server::Service/Service[mysqld]/ensure: ensure changed 'stopped' to 'running'[0m
[0;32mInfo: /Stage[main]/Mysql::Server::Service/Service[mysqld]: Unscheduling refresh on Service[mysqld][0m
[mNotice: /Stage[main]/Mysql::Server::Root_password/Mysql_user[root@localhost]/password_hash: defined 'password_hash' as '*86FB7A81964D5BC91A61F4D137EF08F883BBA8B4'[0m
[mNotice: /Stage[main]/Mysql::Server::Root_password/File[/root/.my.cnf]/ensure: defined content as '{md5}b3ebdddaf94a0eae26e8577acbed5384'[0m
[mNotice: /Stage[main]/Main/Mysql_database[test_mdb]/ensure: created[0m
[mNotice: /Stage[main]/Main/Mysql_user[test_user@:localhost]/ensure: created[0m
[mNotice: /Stage[main]/Main/Mysql_grant[test_user@localhost/test_mdb.*]/ensure: created[0m
[mNotice: Applied catalog in 8.35 seconds[0m
